# JRE version: OpenJDK Runtime Environment Temurin-21.0.9+10 (21.0.9+10) (build 21.0.9+10-LTS)
# Java VM: OpenJDK 64-Bit Server VM Temurin-21.0.9+10 (21.0.9+10-LTS, mixed mode, sharing, tiered, compressed oops, compressed class ptrs, parallel gc, windows-amd64)
GC Precious Log:
 CardTable entry size: 512
 CPUs: 12 total, 12 available
 Memory: 5989M
 Large Page Support: Disabled
 NUMA Support: Disabled
 Compressed Oops: Enabled (32-bit)
 Alignments: Space 512K, Generation 512K, Heap 2M
 Heap Min Capacity: 100M
 Heap Initial Capacity: 100M
 Heap Max Capacity: 2G
 Pre-touch: Disabled
 Parallel Workers: 10
Heap:
 PSYoungGen      total 11264K, used 8238K [0x00000000d5580000, 0x00000000d6780000, 0x0000000100000000)
  eden space 10752K, 72% used [0x00000000d5580000,0x00000000d5d1bbe0,0x00000000d6000000)
  from space 512K, 87% used [0x00000000d6700000,0x00000000d6770000,0x00000000d6780000)
  to   space 1024K, 0% used [0x00000000d6580000,0x00000000d6580000,0x00000000d6680000)
 ParOldGen       total 73728K, used 73262K [0x0000000080000000, 0x0000000084800000, 0x00000000d5580000)
  object space 73728K, 99% used [0x0000000080000000,0x000000008478ba80,0x0000000084800000)
 Metaspace       used 64914K, committed 66368K, reserved 1114112K
  class space    used 6958K, committed 7616K, reserved 1048576K
GC Heap History (20 events):
Event: 17.700 GC heap before
{Heap before GC invocations=52 (full 3):
 PSYoungGen      total 22528K, used 20992K [0x00000000d5580000, 0x00000000d6f00000, 0x0000000100000000)
  eden space 20992K, 100% used [0x00000000d5580000,0x00000000d6a00000,0x00000000d6a00000)
  from space 1536K, 0% used [0x00000000d6d80000,0x00000000d6d80000,0x00000000d6f00000)
  to   space 2048K, 0% used [0x00000000d6b00000,0x00000000d6b00000,0x00000000d6d00000)
 ParOldGen       total 72704K, used 57718K [0x0000000080000000, 0x0000000084700000, 0x00000000d5580000)
  object space 72704K, 79% used [0x0000000080000000,0x000000008385d980,0x0000000084700000)
 Metaspace       used 58860K, committed 60224K, reserved 1114112K
  class space    used 6284K, committed 6912K, reserved 1048576K
}
Event: 17.706 GC heap after
{Heap after GC invocations=52 (full 3):
 PSYoungGen      total 22528K, used 1472K [0x00000000d5580000, 0x00000000d6e00000, 0x0000000100000000)
  eden space 20992K, 0% used [0x00000000d5580000,0x00000000d5580000,0x00000000d6a00000)
  from space 1536K, 95% used [0x00000000d6b00000,0x00000000d6c70000,0x00000000d6c80000)
  to   space 1536K, 0% used [0x00000000d6c80000,0x00000000d6c80000,0x00000000d6e00000)
 ParOldGen       total 72704K, used 57726K [0x0000000080000000, 0x0000000084700000, 0x00000000d5580000)
  object space 72704K, 79% used [0x0000000080000000,0x000000008385f980,0x0000000084700000)
 Metaspace       used 58860K, committed 60224K, reserved 1114112K
  class space    used 6284K, committed 6912K, reserved 1048576K
}
Event: 17.997 GC heap before
{Heap before GC invocations=53 (full 3):
 PSYoungGen      total 22528K, used 22464K [0x00000000d5580000, 0x00000000d6e00000, 0x0000000100000000)
  eden space 20992K, 100% used [0x00000000d5580000,0x00000000d6a00000,0x00000000d6a00000)
  from space 1536K, 95% used [0x00000000d6b00000,0x00000000d6c70000,0x00000000d6c80000)
  to   space 1536K, 0% used [0x00000000d6c80000,0x00000000d6c80000,0x00000000d6e00000)
 ParOldGen       total 72704K, used 57726K [0x0000000080000000, 0x0000000084700000, 0x00000000d5580000)
  object space 72704K, 79% used [0x0000000080000000,0x000000008385f980,0x0000000084700000)
 Metaspace       used 59122K, committed 60480K, reserved 1114112K
  class space    used 6301K, committed 6912K, reserved 1048576K
}
Event: 18.001 GC heap after
{Heap after GC invocations=53 (full 3):
 PSYoungGen      total 22016K, used 1536K [0x00000000d5580000, 0x00000000d7000000, 0x0000000100000000)
  eden space 20480K, 0% used [0x00000000d5580000,0x00000000d5580000,0x00000000d6980000)
  from space 1536K, 100% used [0x00000000d6c80000,0x00000000d6e00000,0x00000000d6e00000)
  to   space 3072K, 0% used [0x00000000d6980000,0x00000000d6980000,0x00000000d6c80000)
 ParOldGen       total 72704K, used 58686K [0x0000000080000000, 0x0000000084700000, 0x00000000d5580000)
  object space 72704K, 80% used [0x0000000080000000,0x000000008394f990,0x0000000084700000)
 Metaspace       used 59122K, committed 60480K, reserved 1114112K
  class space    used 6301K, committed 6912K, reserved 1048576K
}
Event: 18.967 GC heap before
{Heap before GC invocations=54 (full 3):
 PSYoungGen      total 22016K, used 22016K [0x00000000d5580000, 0x00000000d7000000, 0x0000000100000000)
  eden space 20480K, 100% used [0x00000000d5580000,0x00000000d6980000,0x00000000d6980000)
  from space 1536K, 100% used [0x00000000d6c80000,0x00000000d6e00000,0x00000000d6e00000)
  to   space 3072K, 0% used [0x00000000d6980000,0x00000000d6980000,0x00000000d6c80000)
 ParOldGen       total 72704K, used 58686K [0x0000000080000000, 0x0000000084700000, 0x00000000d5580000)
  object space 72704K, 80% used [0x0000000080000000,0x000000008394f990,0x0000000084700000)
 Metaspace       used 60172K, committed 61632K, reserved 1114112K
  class space    used 6427K, committed 7104K, reserved 1048576K
}
Event: 18.972 GC heap after
{Heap after GC invocations=54 (full 3):
 PSYoungGen      total 22528K, used 1648K [0x00000000d5580000, 0x00000000d6d80000, 0x0000000100000000)
  eden space 20480K, 0% used [0x00000000d5580000,0x00000000d5580000,0x00000000d6980000)
  from space 2048K, 80% used [0x00000000d6980000,0x00000000d6b1c020,0x00000000d6b80000)
  to   space 2048K, 0% used [0x00000000d6b80000,0x00000000d6b80000,0x00000000d6d80000)
 ParOldGen       total 72704K, used 59773K [0x0000000080000000, 0x0000000084700000, 0x00000000d5580000)
  object space 72704K, 82% used [0x0000000080000000,0x0000000083a5f428,0x0000000084700000)
 Metaspace       used 60172K, committed 61632K, reserved 1114112K
  class space    used 6427K, committed 7104K, reserved 1048576K
}
Event: 19.793 GC heap before
{Heap before GC invocations=55 (full 3):
 PSYoungGen      total 22528K, used 22128K [0x00000000d5580000, 0x00000000d6d80000, 0x0000000100000000)
  eden space 20480K, 100% used [0x00000000d5580000,0x00000000d6980000,0x00000000d6980000)
  from space 2048K, 80% used [0x00000000d6980000,0x00000000d6b1c020,0x00000000d6b80000)
  to   space 2048K, 0% used [0x00000000d6b80000,0x00000000d6b80000,0x00000000d6d80000)
 ParOldGen       total 72704K, used 59773K [0x0000000080000000, 0x0000000084700000, 0x00000000d5580000)
  object space 72704K, 82% used [0x0000000080000000,0x0000000083a5f428,0x0000000084700000)
 Metaspace       used 61088K, committed 62528K, reserved 1114112K
  class space    used 6550K, committed 7232K, reserved 1048576K
}
Event: 19.797 GC heap after
{Heap after GC invocations=55 (full 3):
 PSYoungGen      total 22528K, used 1440K [0x00000000d5580000, 0x00000000d6d80000, 0x0000000100000000)
  eden space 20480K, 0% used [0x00000000d5580000,0x00000000d5580000,0x00000000d6980000)
  from space 2048K, 70% used [0x00000000d6b80000,0x00000000d6ce8000,0x00000000d6d80000)
  to   space 2048K, 0% used [0x00000000d6980000,0x00000000d6980000,0x00000000d6b80000)
 ParOldGen       total 72704K, used 61162K [0x0000000080000000, 0x0000000084700000, 0x00000000d5580000)
  object space 72704K, 84% used [0x0000000080000000,0x0000000083bba8c8,0x0000000084700000)
 Metaspace       used 61088K, committed 62528K, reserved 1114112K
  class space    used 6550K, committed 7232K, reserved 1048576K
}
Event: 21.653 GC heap before
{Heap before GC invocations=56 (full 3):
 PSYoungGen      total 22528K, used 21919K [0x00000000d5580000, 0x00000000d6d80000, 0x0000000100000000)
  eden space 20480K, 99% used [0x00000000d5580000,0x00000000d697ff98,0x00000000d6980000)
  from space 2048K, 70% used [0x00000000d6b80000,0x00000000d6ce8000,0x00000000d6d80000)
  to   space 2048K, 0% used [0x00000000d6980000,0x00000000d6980000,0x00000000d6b80000)
 ParOldGen       total 72704K, used 61162K [0x0000000080000000, 0x0000000084700000, 0x00000000d5580000)
  object space 72704K, 84% used [0x0000000080000000,0x0000000083bba8c8,0x0000000084700000)
 Metaspace       used 62124K, committed 63552K, reserved 1114112K
  class space    used 6644K, committed 7296K, reserved 1048576K
}
Event: 21.655 GC heap after
{Heap after GC invocations=56 (full 3):
 PSYoungGen      total 20992K, used 485K [0x00000000d5580000, 0x00000000d6c00000, 0x0000000100000000)
  eden space 20480K, 0% used [0x00000000d5580000,0x00000000d5580000,0x00000000d6980000)
  from space 512K, 94% used [0x00000000d6980000,0x00000000d69f9420,0x00000000d6a00000)
  to   space 1024K, 0% used [0x00000000d6b00000,0x00000000d6b00000,0x00000000d6c00000)
 ParOldGen       total 72704K, used 62367K [0x0000000080000000, 0x0000000084700000, 0x00000000d5580000)
  object space 72704K, 85% used [0x0000000080000000,0x0000000083ce7ff0,0x0000000084700000)
 Metaspace       used 62124K, committed 63552K, reserved 1114112K
  class space    used 6644K, committed 7296K, reserved 1048576K
}
Event: 22.523 GC heap before
{Heap before GC invocations=57 (full 3):
 PSYoungGen      total 20992K, used 20965K [0x00000000d5580000, 0x00000000d6c00000, 0x0000000100000000)
  eden space 20480K, 100% used [0x00000000d5580000,0x00000000d6980000,0x00000000d6980000)
  from space 512K, 94% used [0x00000000d6980000,0x00000000d69f9420,0x00000000d6a00000)
  to   space 1024K, 0% used [0x00000000d6b00000,0x00000000d6b00000,0x00000000d6c00000)
 ParOldGen       total 72704K, used 62367K [0x0000000080000000, 0x0000000084700000, 0x00000000d5580000)
  object space 72704K, 85% used [0x0000000080000000,0x0000000083ce7ff0,0x0000000084700000)
 Metaspace       used 63048K, committed 64512K, reserved 1114112K
  class space    used 6742K, committed 7360K, reserved 1048576K
}
Event: 22.530 GC heap after
{Heap after GC invocations=57 (full 3):
 PSYoungGen      total 11776K, used 1002K [0x00000000d5580000, 0x00000000d7f80000, 0x0000000100000000)
  eden space 10752K, 0% used [0x00000000d5580000,0x00000000d5580000,0x00000000d6000000)
  from space 1024K, 97% used [0x00000000d6b00000,0x00000000d6bfaa60,0x00000000d6c00000)
  to   space 11264K, 0% used [0x00000000d6000000,0x00000000d6000000,0x00000000d6b00000)
 ParOldGen       total 72704K, used 71022K [0x0000000080000000, 0x0000000084700000, 0x00000000d5580000)
  object space 72704K, 97% used [0x0000000080000000,0x000000008455bb88,0x0000000084700000)
 Metaspace       used 63048K, committed 64512K, reserved 1114112K
  class space    used 6742K, committed 7360K, reserved 1048576K
}
Event: 22.724 GC heap before
{Heap before GC invocations=58 (full 3):
 PSYoungGen      total 11776K, used 11744K [0x00000000d5580000, 0x00000000d7f80000, 0x0000000100000000)
  eden space 10752K, 99% used [0x00000000d5580000,0x00000000d5ffd708,0x00000000d6000000)
  from space 1024K, 97% used [0x00000000d6b00000,0x00000000d6bfaa60,0x00000000d6c00000)
  to   space 11264K, 0% used [0x00000000d6000000,0x00000000d6000000,0x00000000d6b00000)
 ParOldGen       total 72704K, used 71022K [0x0000000080000000, 0x0000000084700000, 0x00000000d5580000)
  object space 72704K, 97% used [0x0000000080000000,0x000000008455bb88,0x0000000084700000)
 Metaspace       used 63248K, committed 64704K, reserved 1114112K
  class space    used 6768K, committed 7424K, reserved 1048576K
}
Event: 22.727 GC heap after
{Heap after GC invocations=58 (full 3):
 PSYoungGen      total 11776K, used 800K [0x00000000d5580000, 0x00000000d6b80000, 0x0000000100000000)
  eden space 10752K, 0% used [0x00000000d5580000,0x00000000d5580000,0x00000000d6000000)
  from space 1024K, 78% used [0x00000000d6000000,0x00000000d60c8000,0x00000000d6100000)
  to   space 4096K, 0% used [0x00000000d6780000,0x00000000d6780000,0x00000000d6b80000)
 ParOldGen       total 72704K, used 72075K [0x0000000080000000, 0x0000000084700000, 0x00000000d5580000)
  object space 72704K, 99% used [0x0000000080000000,0x0000000084662df8,0x0000000084700000)
 Metaspace       used 63248K, committed 64704K, reserved 1114112K
  class space    used 6768K, committed 7424K, reserved 1048576K
}
Event: 23.266 GC heap before
{Heap before GC invocations=59 (full 3):
 PSYoungGen      total 11776K, used 11552K [0x00000000d5580000, 0x00000000d6b80000, 0x0000000100000000)
  eden space 10752K, 100% used [0x00000000d5580000,0x00000000d6000000,0x00000000d6000000)
  from space 1024K, 78% used [0x00000000d6000000,0x00000000d60c8000,0x00000000d6100000)
  to   space 4096K, 0% used [0x00000000d6780000,0x00000000d6780000,0x00000000d6b80000)
 ParOldGen       total 72704K, used 72075K [0x0000000080000000, 0x0000000084700000, 0x00000000d5580000)
  object space 72704K, 99% used [0x0000000080000000,0x0000000084662df8,0x0000000084700000)
 Metaspace       used 63625K, committed 65088K, reserved 1114112K
  class space    used 6802K, committed 7424K, reserved 1048576K
}
Event: 23.268 GC heap after
{Heap after GC invocations=59 (full 3):
 PSYoungGen      total 11776K, used 644K [0x00000000d5580000, 0x00000000d6880000, 0x0000000100000000)
  eden space 10752K, 0% used [0x00000000d5580000,0x00000000d5580000,0x00000000d6000000)
  from space 1024K, 62% used [0x00000000d6780000,0x00000000d6821230,0x00000000d6880000)
  to   space 1536K, 0% used [0x00000000d6580000,0x00000000d6580000,0x00000000d6700000)
 ParOldGen       total 72704K, used 72666K [0x0000000080000000, 0x0000000084700000, 0x00000000d5580000)
  object space 72704K, 99% used [0x0000000080000000,0x00000000846f6850,0x0000000084700000)
 Metaspace       used 63625K, committed 65088K, reserved 1114112K
  class space    used 6802K, committed 7424K, reserved 1048576K
}
Event: 23.336 GC heap before
{Heap before GC invocations=60 (full 3):
 PSYoungGen      total 11776K, used 11396K [0x00000000d5580000, 0x00000000d6880000, 0x0000000100000000)
  eden space 10752K, 100% used [0x00000000d5580000,0x00000000d6000000,0x00000000d6000000)
  from space 1024K, 62% used [0x00000000d6780000,0x00000000d6821230,0x00000000d6880000)
  to   space 1536K, 0% used [0x00000000d6580000,0x00000000d6580000,0x00000000d6700000)
 ParOldGen       total 72704K, used 72666K [0x0000000080000000, 0x0000000084700000, 0x00000000d5580000)
  object space 72704K, 99% used [0x0000000080000000,0x00000000846f6850,0x0000000084700000)
 Metaspace       used 63668K, committed 65088K, reserved 1114112K
  class space    used 6803K, committed 7424K, reserved 1048576K
}
Event: 23.338 GC heap after
{Heap after GC invocations=60 (full 3):
 PSYoungGen      total 12288K, used 1052K [0x00000000d5580000, 0x00000000d6800000, 0x0000000100000000)
  eden space 10752K, 0% used [0x00000000d5580000,0x00000000d5580000,0x00000000d6000000)
  from space 1536K, 68% used [0x00000000d6580000,0x00000000d66871b0,0x00000000d6700000)
  to   space 1024K, 0% used [0x00000000d6700000,0x00000000d6700000,0x00000000d6800000)
 ParOldGen       total 73216K, used 73166K [0x0000000080000000, 0x0000000084780000, 0x00000000d5580000)
  object space 73216K, 99% used [0x0000000080000000,0x0000000084773a80,0x0000000084780000)
 Metaspace       used 63668K, committed 65088K, reserved 1114112K
  class space    used 6803K, committed 7424K, reserved 1048576K
}
Event: 24.133 GC heap before
{Heap before GC invocations=61 (full 3):
 PSYoungGen      total 12288K, used 11804K [0x00000000d5580000, 0x00000000d6800000, 0x0000000100000000)
  eden space 10752K, 100% used [0x00000000d5580000,0x00000000d6000000,0x00000000d6000000)
  from space 1536K, 68% used [0x00000000d6580000,0x00000000d66871b0,0x00000000d6700000)
  to   space 1024K, 0% used [0x00000000d6700000,0x00000000d6700000,0x00000000d6800000)
 ParOldGen       total 73216K, used 73166K [0x0000000080000000, 0x0000000084780000, 0x00000000d5580000)
  object space 73216K, 99% used [0x0000000080000000,0x0000000084773a80,0x0000000084780000)
 Metaspace       used 64244K, committed 65728K, reserved 1114112K
  class space    used 6891K, committed 7552K, reserved 1048576K
}
Event: 24.134 GC heap after
{Heap after GC invocations=61 (full 3):
 PSYoungGen      total 11264K, used 448K [0x00000000d5580000, 0x00000000d6780000, 0x0000000100000000)
  eden space 10752K, 0% used [0x00000000d5580000,0x00000000d5580000,0x00000000d6000000)
  from space 512K, 87% used [0x00000000d6700000,0x00000000d6770000,0x00000000d6780000)
  to   space 1024K, 0% used [0x00000000d6580000,0x00000000d6580000,0x00000000d6680000)
 ParOldGen       total 73728K, used 73262K [0x0000000080000000, 0x0000000084800000, 0x00000000d5580000)
  object space 73728K, 99% used [0x0000000080000000,0x000000008478ba80,0x0000000084800000)
 Metaspace       used 64244K, committed 65728K, reserved 1114112K
  class space    used 6891K, committed 7552K, reserved 1048576K
}

