# JRE version: OpenJDK Runtime Environment Temurin-21.0.9+10 (21.0.9+10) (build 21.0.9+10-LTS)
# Java VM: OpenJDK 64-Bit Server VM Temurin-21.0.9+10 (21.0.9+10-LTS, mixed mode, sharing, tiered, compressed oops, compressed class ptrs, parallel gc, windows-amd64)
GC Precious Log:
 CardTable entry size: 512
 CPUs: 12 total, 12 available
 Memory: 5989M
 Large Page Support: Disabled
 NUMA Support: Disabled
 Compressed Oops: Enabled (32-bit)
 Alignments: Space 512K, Generation 512K, Heap 2M
 Heap Min Capacity: 100M
 Heap Initial Capacity: 100M
 Heap Max Capacity: 2G
 Pre-touch: Disabled
 Parallel Workers: 10
Heap:
 PSYoungGen      total 18944K, used 10694K [0x00000000d5580000, 0x00000000d6980000, 0x0000000100000000)
  eden space 17408K, 55% used [0x00000000d5580000,0x00000000d5ef1bf8,0x00000000d6680000)
  from space 1536K, 66% used [0x00000000d6800000,0x00000000d6900000,0x00000000d6980000)
  to   space 1536K, 0% used [0x00000000d6680000,0x00000000d6680000,0x00000000d6800000)
 ParOldGen       total 68608K, used 56393K [0x0000000080000000, 0x0000000084300000, 0x00000000d5580000)
  object space 68608K, 82% used [0x0000000080000000,0x00000000837127a0,0x0000000084300000)
 Metaspace       used 52854K, committed 54208K, reserved 1114112K
  class space    used 5703K, committed 6272K, reserved 1048576K
GC Heap History (20 events):
Event: 38.905 GC heap before
{Heap before GC invocations=26 (full 2):
 PSYoungGen      total 19968K, used 19616K [0x00000000d5580000, 0x00000000d7180000, 0x0000000100000000)
  eden space 17920K, 100% used [0x00000000d5580000,0x00000000d6700000,0x00000000d6700000)
  from space 2048K, 82% used [0x00000000d6700000,0x00000000d68a8010,0x00000000d6900000)
  to   space 4608K, 0% used [0x00000000d6d00000,0x00000000d6d00000,0x00000000d7180000)
 ParOldGen       total 68608K, used 38782K [0x0000000080000000, 0x0000000084300000, 0x00000000d5580000)
  object space 68608K, 56% used [0x0000000080000000,0x00000000825df9d8,0x0000000084300000)
 Metaspace       used 50773K, committed 52032K, reserved 1114112K
  class space    used 5527K, committed 6080K, reserved 1048576K
}
Event: 38.910 GC heap after
{Heap after GC invocations=26 (full 2):
 PSYoungGen      total 19968K, used 1970K [0x00000000d5580000, 0x00000000d6f00000, 0x0000000100000000)
  eden space 17920K, 0% used [0x00000000d5580000,0x00000000d5580000,0x00000000d6700000)
  from space 2048K, 96% used [0x00000000d6d00000,0x00000000d6eec820,0x00000000d6f00000)
  to   space 2560K, 0% used [0x00000000d6a00000,0x00000000d6a00000,0x00000000d6c80000)
 ParOldGen       total 68608K, used 40382K [0x0000000080000000, 0x0000000084300000, 0x00000000d5580000)
  object space 68608K, 58% used [0x0000000080000000,0x000000008276f9e8,0x0000000084300000)
 Metaspace       used 50773K, committed 52032K, reserved 1114112K
  class space    used 5527K, committed 6080K, reserved 1048576K
}
Event: 38.984 GC heap before
{Heap before GC invocations=27 (full 2):
 PSYoungGen      total 19968K, used 19890K [0x00000000d5580000, 0x00000000d6f00000, 0x0000000100000000)
  eden space 17920K, 100% used [0x00000000d5580000,0x00000000d6700000,0x00000000d6700000)
  from space 2048K, 96% used [0x00000000d6d00000,0x00000000d6eec820,0x00000000d6f00000)
  to   space 2560K, 0% used [0x00000000d6a00000,0x00000000d6a00000,0x00000000d6c80000)
 ParOldGen       total 68608K, used 40382K [0x0000000080000000, 0x0000000084300000, 0x00000000d5580000)
  object space 68608K, 58% used [0x0000000080000000,0x000000008276f9e8,0x0000000084300000)
 Metaspace       used 50773K, committed 52032K, reserved 1114112K
  class space    used 5527K, committed 6080K, reserved 1048576K
}
Event: 38.989 GC heap after
{Heap after GC invocations=27 (full 2):
 PSYoungGen      total 19968K, used 1856K [0x00000000d5580000, 0x00000000d6d80000, 0x0000000100000000)
  eden space 17920K, 0% used [0x00000000d5580000,0x00000000d5580000,0x00000000d6700000)
  from space 2048K, 90% used [0x00000000d6a00000,0x00000000d6bd0010,0x00000000d6c00000)
  to   space 1536K, 0% used [0x00000000d6c00000,0x00000000d6c00000,0x00000000d6d80000)
 ParOldGen       total 68608K, used 42220K [0x0000000080000000, 0x0000000084300000, 0x00000000d5580000)
  object space 68608K, 61% used [0x0000000080000000,0x000000008293b318,0x0000000084300000)
 Metaspace       used 50773K, committed 52032K, reserved 1114112K
  class space    used 5527K, committed 6080K, reserved 1048576K
}
Event: 39.095 GC heap before
{Heap before GC invocations=28 (full 2):
 PSYoungGen      total 19968K, used 19776K [0x00000000d5580000, 0x00000000d6d80000, 0x0000000100000000)
  eden space 17920K, 100% used [0x00000000d5580000,0x00000000d6700000,0x00000000d6700000)
  from space 2048K, 90% used [0x00000000d6a00000,0x00000000d6bd0010,0x00000000d6c00000)
  to   space 1536K, 0% used [0x00000000d6c00000,0x00000000d6c00000,0x00000000d6d80000)
 ParOldGen       total 68608K, used 42220K [0x0000000080000000, 0x0000000084300000, 0x00000000d5580000)
  object space 68608K, 61% used [0x0000000080000000,0x000000008293b318,0x0000000084300000)
 Metaspace       used 50796K, committed 52096K, reserved 1114112K
  class space    used 5527K, committed 6080K, reserved 1048576K
}
Event: 39.099 GC heap after
{Heap after GC invocations=28 (full 2):
 PSYoungGen      total 19456K, used 1536K [0x00000000d5580000, 0x00000000d6e00000, 0x0000000100000000)
  eden space 17920K, 0% used [0x00000000d5580000,0x00000000d5580000,0x00000000d6700000)
  from space 1536K, 100% used [0x00000000d6c00000,0x00000000d6d80000,0x00000000d6d80000)
  to   space 3584K, 0% used [0x00000000d6700000,0x00000000d6700000,0x00000000d6a80000)
 ParOldGen       total 68608K, used 43996K [0x0000000080000000, 0x0000000084300000, 0x00000000d5580000)
  object space 68608K, 64% used [0x0000000080000000,0x0000000082af7328,0x0000000084300000)
 Metaspace       used 50796K, committed 52096K, reserved 1114112K
  class space    used 5527K, committed 6080K, reserved 1048576K
}
Event: 39.184 GC heap before
{Heap before GC invocations=29 (full 2):
 PSYoungGen      total 19456K, used 19456K [0x00000000d5580000, 0x00000000d6e00000, 0x0000000100000000)
  eden space 17920K, 100% used [0x00000000d5580000,0x00000000d6700000,0x00000000d6700000)
  from space 1536K, 100% used [0x00000000d6c00000,0x00000000d6d80000,0x00000000d6d80000)
  to   space 3584K, 0% used [0x00000000d6700000,0x00000000d6700000,0x00000000d6a80000)
 ParOldGen       total 68608K, used 43996K [0x0000000080000000, 0x0000000084300000, 0x00000000d5580000)
  object space 68608K, 64% used [0x0000000080000000,0x0000000082af7328,0x0000000084300000)
 Metaspace       used 50798K, committed 52096K, reserved 1114112K
  class space    used 5527K, committed 6080K, reserved 1048576K
}
Event: 39.189 GC heap after
{Heap after GC invocations=29 (full 2):
 PSYoungGen      total 19968K, used 1860K [0x00000000d5580000, 0x00000000d6c80000, 0x0000000100000000)
  eden space 17920K, 0% used [0x00000000d5580000,0x00000000d5580000,0x00000000d6700000)
  from space 2048K, 90% used [0x00000000d6700000,0x00000000d68d1000,0x00000000d6900000)
  to   space 2560K, 0% used [0x00000000d6a00000,0x00000000d6a00000,0x00000000d6c80000)
 ParOldGen       total 68608K, used 45483K [0x0000000080000000, 0x0000000084300000, 0x00000000d5580000)
  object space 68608K, 66% used [0x0000000080000000,0x0000000082c6acd8,0x0000000084300000)
 Metaspace       used 50798K, committed 52096K, reserved 1114112K
  class space    used 5527K, committed 6080K, reserved 1048576K
}
Event: 39.314 GC heap before
{Heap before GC invocations=30 (full 2):
 PSYoungGen      total 19968K, used 19780K [0x00000000d5580000, 0x00000000d6c80000, 0x0000000100000000)
  eden space 17920K, 100% used [0x00000000d5580000,0x00000000d6700000,0x00000000d6700000)
  from space 2048K, 90% used [0x00000000d6700000,0x00000000d68d1000,0x00000000d6900000)
  to   space 2560K, 0% used [0x00000000d6a00000,0x00000000d6a00000,0x00000000d6c80000)
 ParOldGen       total 68608K, used 45483K [0x0000000080000000, 0x0000000084300000, 0x00000000d5580000)
  object space 68608K, 66% used [0x0000000080000000,0x0000000082c6acd8,0x0000000084300000)
 Metaspace       used 50814K, committed 52096K, reserved 1114112K
  class space    used 5528K, committed 6080K, reserved 1048576K
}
Event: 39.319 GC heap after
{Heap after GC invocations=30 (full 2):
 PSYoungGen      total 19968K, used 1856K [0x00000000d5580000, 0x00000000d6c00000, 0x0000000100000000)
  eden space 17920K, 0% used [0x00000000d5580000,0x00000000d5580000,0x00000000d6700000)
  from space 2048K, 90% used [0x00000000d6a00000,0x00000000d6bd0010,0x00000000d6c00000)
  to   space 2048K, 0% used [0x00000000d6700000,0x00000000d6700000,0x00000000d6900000)
 ParOldGen       total 68608K, used 47203K [0x0000000080000000, 0x0000000084300000, 0x00000000d5580000)
  object space 68608K, 68% used [0x0000000080000000,0x0000000082e18dd8,0x0000000084300000)
 Metaspace       used 50814K, committed 52096K, reserved 1114112K
  class space    used 5528K, committed 6080K, reserved 1048576K
}
Event: 39.428 GC heap before
{Heap before GC invocations=31 (full 2):
 PSYoungGen      total 19968K, used 19776K [0x00000000d5580000, 0x00000000d6c00000, 0x0000000100000000)
  eden space 17920K, 100% used [0x00000000d5580000,0x00000000d6700000,0x00000000d6700000)
  from space 2048K, 90% used [0x00000000d6a00000,0x00000000d6bd0010,0x00000000d6c00000)
  to   space 2048K, 0% used [0x00000000d6700000,0x00000000d6700000,0x00000000d6900000)
 ParOldGen       total 68608K, used 47203K [0x0000000080000000, 0x0000000084300000, 0x00000000d5580000)
  object space 68608K, 68% used [0x0000000080000000,0x0000000082e18dd8,0x0000000084300000)
 Metaspace       used 50829K, committed 52096K, reserved 1114112K
  class space    used 5528K, committed 6080K, reserved 1048576K
}
Event: 39.434 GC heap after
{Heap after GC invocations=31 (full 2):
 PSYoungGen      total 19968K, used 1592K [0x00000000d5580000, 0x00000000d6b00000, 0x0000000100000000)
  eden space 17920K, 0% used [0x00000000d5580000,0x00000000d5580000,0x00000000d6700000)
  from space 2048K, 77% used [0x00000000d6700000,0x00000000d688e200,0x00000000d6900000)
  to   space 2048K, 0% used [0x00000000d6900000,0x00000000d6900000,0x00000000d6b00000)
 ParOldGen       total 68608K, used 48979K [0x0000000080000000, 0x0000000084300000, 0x00000000d5580000)
  object space 68608K, 71% used [0x0000000080000000,0x0000000082fd4de8,0x0000000084300000)
 Metaspace       used 50829K, committed 52096K, reserved 1114112K
  class space    used 5528K, committed 6080K, reserved 1048576K
}
Event: 40.948 GC heap before
{Heap before GC invocations=32 (full 2):
 PSYoungGen      total 19968K, used 19512K [0x00000000d5580000, 0x00000000d6b00000, 0x0000000100000000)
  eden space 17920K, 100% used [0x00000000d5580000,0x00000000d6700000,0x00000000d6700000)
  from space 2048K, 77% used [0x00000000d6700000,0x00000000d688e200,0x00000000d6900000)
  to   space 2048K, 0% used [0x00000000d6900000,0x00000000d6900000,0x00000000d6b00000)
 ParOldGen       total 68608K, used 48979K [0x0000000080000000, 0x0000000084300000, 0x00000000d5580000)
  object space 68608K, 71% used [0x0000000080000000,0x0000000082fd4de8,0x0000000084300000)
 Metaspace       used 51918K, committed 53248K, reserved 1114112K
  class space    used 5646K, committed 6208K, reserved 1048576K
}
Event: 40.970 GC heap after
{Heap after GC invocations=32 (full 2):
 PSYoungGen      total 19456K, used 1984K [0x00000000d5580000, 0x00000000d6c00000, 0x0000000100000000)
  eden space 17408K, 0% used [0x00000000d5580000,0x00000000d5580000,0x00000000d6680000)
  from space 2048K, 96% used [0x00000000d6900000,0x00000000d6af0030,0x00000000d6b00000)
  to   space 2560K, 0% used [0x00000000d6680000,0x00000000d6680000,0x00000000d6900000)
 ParOldGen       total 68608K, used 50443K [0x0000000080000000, 0x0000000084300000, 0x00000000d5580000)
  object space 68608K, 73% used [0x0000000080000000,0x0000000083142fe8,0x0000000084300000)
 Metaspace       used 51918K, committed 53248K, reserved 1114112K
  class space    used 5646K, committed 6208K, reserved 1048576K
}
Event: 42.553 GC heap before
{Heap before GC invocations=33 (full 2):
 PSYoungGen      total 19456K, used 19392K [0x00000000d5580000, 0x00000000d6c00000, 0x0000000100000000)
  eden space 17408K, 100% used [0x00000000d5580000,0x00000000d6680000,0x00000000d6680000)
  from space 2048K, 96% used [0x00000000d6900000,0x00000000d6af0030,0x00000000d6b00000)
  to   space 2560K, 0% used [0x00000000d6680000,0x00000000d6680000,0x00000000d6900000)
 ParOldGen       total 68608K, used 50443K [0x0000000080000000, 0x0000000084300000, 0x00000000d5580000)
  object space 68608K, 73% used [0x0000000080000000,0x0000000083142fe8,0x0000000084300000)
 Metaspace       used 52119K, committed 53376K, reserved 1114112K
  class space    used 5650K, committed 6208K, reserved 1048576K
}
Event: 42.558 GC heap after
{Heap after GC invocations=33 (full 2):
 PSYoungGen      total 19968K, used 2192K [0x00000000d5580000, 0x00000000d6b80000, 0x0000000100000000)
  eden space 17408K, 0% used [0x00000000d5580000,0x00000000d5580000,0x00000000d6680000)
  from space 2560K, 85% used [0x00000000d6680000,0x00000000d68a4010,0x00000000d6900000)
  to   space 2560K, 0% used [0x00000000d6900000,0x00000000d6900000,0x00000000d6b80000)
 ParOldGen       total 68608K, used 52148K [0x0000000080000000, 0x0000000084300000, 0x00000000d5580000)
  object space 68608K, 76% used [0x0000000080000000,0x00000000832ed038,0x0000000084300000)
 Metaspace       used 52119K, committed 53376K, reserved 1114112K
  class space    used 5650K, committed 6208K, reserved 1048576K
}
Event: 43.262 GC heap before
{Heap before GC invocations=34 (full 2):
 PSYoungGen      total 19968K, used 19600K [0x00000000d5580000, 0x00000000d6b80000, 0x0000000100000000)
  eden space 17408K, 100% used [0x00000000d5580000,0x00000000d6680000,0x00000000d6680000)
  from space 2560K, 85% used [0x00000000d6680000,0x00000000d68a4010,0x00000000d6900000)
  to   space 2560K, 0% used [0x00000000d6900000,0x00000000d6900000,0x00000000d6b80000)
 ParOldGen       total 68608K, used 52148K [0x0000000080000000, 0x0000000084300000, 0x00000000d5580000)
  object space 68608K, 76% used [0x0000000080000000,0x00000000832ed038,0x0000000084300000)
 Metaspace       used 52307K, committed 53632K, reserved 1114112K
  class space    used 5650K, committed 6208K, reserved 1048576K
}
Event: 43.266 GC heap after
{Heap after GC invocations=34 (full 2):
 PSYoungGen      total 18944K, used 1376K [0x00000000d5580000, 0x00000000d6a80000, 0x0000000100000000)
  eden space 17408K, 0% used [0x00000000d5580000,0x00000000d5580000,0x00000000d6680000)
  from space 1536K, 89% used [0x00000000d6900000,0x00000000d6a58000,0x00000000d6a80000)
  to   space 2048K, 0% used [0x00000000d6680000,0x00000000d6680000,0x00000000d6880000)
 ParOldGen       total 68608K, used 54094K [0x0000000080000000, 0x0000000084300000, 0x00000000d5580000)
  object space 68608K, 78% used [0x0000000080000000,0x00000000834d3af0,0x0000000084300000)
 Metaspace       used 52307K, committed 53632K, reserved 1114112K
  class space    used 5650K, committed 6208K, reserved 1048576K
}
Event: 43.660 GC heap before
{Heap before GC invocations=35 (full 2):
 PSYoungGen      total 18944K, used 18784K [0x00000000d5580000, 0x00000000d6a80000, 0x0000000100000000)
  eden space 17408K, 100% used [0x00000000d5580000,0x00000000d6680000,0x00000000d6680000)
  from space 1536K, 89% used [0x00000000d6900000,0x00000000d6a58000,0x00000000d6a80000)
  to   space 2048K, 0% used [0x00000000d6680000,0x00000000d6680000,0x00000000d6880000)
 ParOldGen       total 68608K, used 54094K [0x0000000080000000, 0x0000000084300000, 0x00000000d5580000)
  object space 68608K, 78% used [0x0000000080000000,0x00000000834d3af0,0x0000000084300000)
 Metaspace       used 52634K, committed 53952K, reserved 1114112K
  class space    used 5697K, committed 6272K, reserved 1048576K
}
Event: 43.664 GC heap after
{Heap after GC invocations=35 (full 2):
 PSYoungGen      total 18944K, used 1408K [0x00000000d5580000, 0x00000000d6980000, 0x0000000100000000)
  eden space 17408K, 0% used [0x00000000d5580000,0x00000000d5580000,0x00000000d6680000)
  from space 1536K, 91% used [0x00000000d6680000,0x00000000d67e0000,0x00000000d6800000)
  to   space 1536K, 0% used [0x00000000d6800000,0x00000000d6800000,0x00000000d6980000)
 ParOldGen       total 68608K, used 55116K [0x0000000080000000, 0x0000000084300000, 0x00000000d5580000)
  object space 68608K, 80% used [0x0000000080000000,0x00000000835d32c0,0x0000000084300000)
 Metaspace       used 52634K, committed 53952K, reserved 1114112K
  class space    used 5697K, committed 6272K, reserved 1048576K
}

