# JRE version: OpenJDK Runtime Environment Temurin-21.0.9+10 (21.0.9+10) (build 21.0.9+10-LTS)
# Java VM: OpenJDK 64-Bit Server VM Temurin-21.0.9+10 (21.0.9+10-LTS, mixed mode, sharing, tiered, compressed oops, compressed class ptrs, parallel gc, windows-amd64)
GC Precious Log:
 CardTable entry size: 512
 CPUs: 12 total, 12 available
 Memory: 5989M
 Large Page Support: Disabled
 NUMA Support: Disabled
 Compressed Oops: Enabled (32-bit)
 Alignments: Space 512K, Generation 512K, Heap 2M
 Heap Min Capacity: 100M
 Heap Initial Capacity: 100M
 Heap Max Capacity: 2G
 Pre-touch: Disabled
 Parallel Workers: 10
Heap:
 PSYoungGen      total 8192K, used 5377K [0x00000000d5580000, 0x00000000d6180000, 0x0000000100000000)
  eden space 4096K, 41% used [0x00000000d5580000,0x00000000d5728650,0x00000000d5980000)
  from space 4096K, 89% used [0x00000000d5a80000,0x00000000d5e18020,0x00000000d5e80000)
  to   space 3072K, 0% used [0x00000000d5e80000,0x00000000d5e80000,0x00000000d6180000)
 ParOldGen       total 765440K, used 765227K [0x0000000080000000, 0x00000000aeb80000, 0x00000000d5580000)
  object space 765440K, 99% used [0x0000000080000000,0x00000000aeb4ae78,0x00000000aeb80000)
 Metaspace       used 79081K, committed 80768K, reserved 1179648K
  class space    used 8116K, committed 8896K, reserved 1048576K
GC Heap History (20 events):
Event: 14715.299 GC heap before
{Heap before GC invocations=987 (full 4):
 PSYoungGen      total 3584K, used 3231K [0x00000000d5580000, 0x00000000d5b80000, 0x0000000100000000)
  eden space 1536K, 99% used [0x00000000d5580000,0x00000000d56ffff8,0x00000000d5700000)
  from space 2048K, 82% used [0x00000000d5700000,0x00000000d58a8000,0x00000000d5900000)
  to   space 2048K, 0% used [0x00000000d5980000,0x00000000d5980000,0x00000000d5b80000)
 ParOldGen       total 740864K, used 740751K [0x0000000080000000, 0x00000000ad380000, 0x00000000d5580000)
  object space 740864K, 99% used [0x0000000080000000,0x00000000ad363d88,0x00000000ad380000)
 Metaspace       used 78995K, committed 80640K, reserved 1179648K
  class space    used 8109K, committed 8896K, reserved 1048576K
}
Event: 14715.303 GC heap after
{Heap after GC invocations=987 (full 4):
 PSYoungGen      total 4096K, used 1696K [0x00000000d5580000, 0x00000000d5b80000, 0x0000000100000000)
  eden space 2048K, 0% used [0x00000000d5580000,0x00000000d5580000,0x00000000d5780000)
  from space 2048K, 82% used [0x00000000d5980000,0x00000000d5b28000,0x00000000d5b80000)
  to   space 2048K, 0% used [0x00000000d5780000,0x00000000d5780000,0x00000000d5980000)
 ParOldGen       total 742400K, used 742311K [0x0000000080000000, 0x00000000ad500000, 0x00000000d5580000)
  object space 742400K, 99% used [0x0000000080000000,0x00000000ad4e9d88,0x00000000ad500000)
 Metaspace       used 78995K, committed 80640K, reserved 1179648K
  class space    used 8109K, committed 8896K, reserved 1048576K
}
Event: 14715.315 GC heap before
{Heap before GC invocations=988 (full 4):
 PSYoungGen      total 4096K, used 3744K [0x00000000d5580000, 0x00000000d5b80000, 0x0000000100000000)
  eden space 2048K, 100% used [0x00000000d5580000,0x00000000d5780000,0x00000000d5780000)
  from space 2048K, 82% used [0x00000000d5980000,0x00000000d5b28000,0x00000000d5b80000)
  to   space 2048K, 0% used [0x00000000d5780000,0x00000000d5780000,0x00000000d5980000)
 ParOldGen       total 742400K, used 742311K [0x0000000080000000, 0x00000000ad500000, 0x00000000d5580000)
  object space 742400K, 99% used [0x0000000080000000,0x00000000ad4e9d88,0x00000000ad500000)
 Metaspace       used 78995K, committed 80640K, reserved 1179648K
  class space    used 8109K, committed 8896K, reserved 1048576K
}
Event: 14716.320 GC heap after
{Heap after GC invocations=988 (full 4):
 PSYoungGen      total 4096K, used 2048K [0x00000000d5580000, 0x00000000d6000000, 0x0000000100000000)
  eden space 2048K, 0% used [0x00000000d5580000,0x00000000d5580000,0x00000000d5780000)
  from space 2048K, 100% used [0x00000000d5780000,0x00000000d5980000,0x00000000d5980000)
  to   space 4096K, 0% used [0x00000000d5c00000,0x00000000d5c00000,0x00000000d6000000)
 ParOldGen       total 743936K, used 743887K [0x0000000080000000, 0x00000000ad680000, 0x00000000d5580000)
  object space 743936K, 99% used [0x0000000080000000,0x00000000ad673d88,0x00000000ad680000)
 Metaspace       used 78995K, committed 80640K, reserved 1179648K
  class space    used 8109K, committed 8896K, reserved 1048576K
}
Event: 14716.329 GC heap before
{Heap before GC invocations=989 (full 4):
 PSYoungGen      total 4096K, used 4096K [0x00000000d5580000, 0x00000000d6000000, 0x0000000100000000)
  eden space 2048K, 100% used [0x00000000d5580000,0x00000000d5780000,0x00000000d5780000)
  from space 2048K, 100% used [0x00000000d5780000,0x00000000d5980000,0x00000000d5980000)
  to   space 4096K, 0% used [0x00000000d5c00000,0x00000000d5c00000,0x00000000d6000000)
 ParOldGen       total 743936K, used 743887K [0x0000000080000000, 0x00000000ad680000, 0x00000000d5580000)
  object space 743936K, 99% used [0x0000000080000000,0x00000000ad673d88,0x00000000ad680000)
 Metaspace       used 78995K, committed 80640K, reserved 1179648K
  class space    used 8109K, committed 8896K, reserved 1048576K
}
Event: 14716.336 GC heap after
{Heap after GC invocations=989 (full 4):
 PSYoungGen      total 5120K, used 2176K [0x00000000d5580000, 0x00000000d5e80000, 0x0000000100000000)
  eden space 2560K, 0% used [0x00000000d5580000,0x00000000d5580000,0x00000000d5800000)
  from space 2560K, 85% used [0x00000000d5c00000,0x00000000d5e20000,0x00000000d5e80000)
  to   space 3072K, 0% used [0x00000000d5880000,0x00000000d5880000,0x00000000d5b80000)
 ParOldGen       total 745984K, used 745927K [0x0000000080000000, 0x00000000ad880000, 0x00000000d5580000)
  object space 745984K, 99% used [0x0000000080000000,0x00000000ad871d88,0x00000000ad880000)
 Metaspace       used 78995K, committed 80640K, reserved 1179648K
  class space    used 8109K, committed 8896K, reserved 1048576K
}
Event: 14716.362 GC heap before
{Heap before GC invocations=990 (full 4):
 PSYoungGen      total 5120K, used 4736K [0x00000000d5580000, 0x00000000d5e80000, 0x0000000100000000)
  eden space 2560K, 100% used [0x00000000d5580000,0x00000000d5800000,0x00000000d5800000)
  from space 2560K, 85% used [0x00000000d5c00000,0x00000000d5e20000,0x00000000d5e80000)
  to   space 3072K, 0% used [0x00000000d5880000,0x00000000d5880000,0x00000000d5b80000)
 ParOldGen       total 745984K, used 745927K [0x0000000080000000, 0x00000000ad880000, 0x00000000d5580000)
  object space 745984K, 99% used [0x0000000080000000,0x00000000ad871d88,0x00000000ad880000)
 Metaspace       used 79000K, committed 80640K, reserved 1179648K
  class space    used 8109K, committed 8896K, reserved 1048576K
}
Event: 14716.370 GC heap after
{Heap after GC invocations=990 (full 4):
 PSYoungGen      total 5632K, used 2456K [0x00000000d5580000, 0x00000000d5d80000, 0x0000000100000000)
  eden space 3072K, 0% used [0x00000000d5580000,0x00000000d5580000,0x00000000d5880000)
  from space 2560K, 95% used [0x00000000d5880000,0x00000000d5ae6000,0x00000000d5b00000)
  to   space 2560K, 0% used [0x00000000d5b00000,0x00000000d5b00000,0x00000000d5d80000)
 ParOldGen       total 748032K, used 747951K [0x0000000080000000, 0x00000000ada80000, 0x00000000d5580000)
  object space 748032K, 99% used [0x0000000080000000,0x00000000ada6bd98,0x00000000ada80000)
 Metaspace       used 79000K, committed 80640K, reserved 1179648K
  class space    used 8109K, committed 8896K, reserved 1048576K
}
Event: 14716.421 GC heap before
{Heap before GC invocations=991 (full 4):
 PSYoungGen      total 5632K, used 5528K [0x00000000d5580000, 0x00000000d5d80000, 0x0000000100000000)
  eden space 3072K, 100% used [0x00000000d5580000,0x00000000d5880000,0x00000000d5880000)
  from space 2560K, 95% used [0x00000000d5880000,0x00000000d5ae6000,0x00000000d5b00000)
  to   space 2560K, 0% used [0x00000000d5b00000,0x00000000d5b00000,0x00000000d5d80000)
 ParOldGen       total 748032K, used 747951K [0x0000000080000000, 0x00000000ada80000, 0x00000000d5580000)
  object space 748032K, 99% used [0x0000000080000000,0x00000000ada6bd98,0x00000000ada80000)
 Metaspace       used 79023K, committed 80704K, reserved 1179648K
  class space    used 8111K, committed 8896K, reserved 1048576K
}
Event: 14716.429 GC heap after
{Heap after GC invocations=991 (full 4):
 PSYoungGen      total 5632K, used 2356K [0x00000000d5580000, 0x00000000d5e80000, 0x0000000100000000)
  eden space 3072K, 0% used [0x00000000d5580000,0x00000000d5580000,0x00000000d5880000)
  from space 2560K, 92% used [0x00000000d5b00000,0x00000000d5d4d2e0,0x00000000d5d80000)
  to   space 2560K, 0% used [0x00000000d5880000,0x00000000d5880000,0x00000000d5b00000)
 ParOldGen       total 750592K, used 750343K [0x0000000080000000, 0x00000000add00000, 0x00000000d5580000)
  object space 750592K, 99% used [0x0000000080000000,0x00000000adcc1d98,0x00000000add00000)
 Metaspace       used 79023K, committed 80704K, reserved 1179648K
  class space    used 8111K, committed 8896K, reserved 1048576K
}
Event: 14716.442 GC heap before
{Heap before GC invocations=992 (full 4):
 PSYoungGen      total 5632K, used 4397K [0x00000000d5580000, 0x00000000d5e80000, 0x0000000100000000)
  eden space 3072K, 66% used [0x00000000d5580000,0x00000000d577e410,0x00000000d5880000)
  from space 2560K, 92% used [0x00000000d5b00000,0x00000000d5d4d2e0,0x00000000d5d80000)
  to   space 2560K, 0% used [0x00000000d5880000,0x00000000d5880000,0x00000000d5b00000)
 ParOldGen       total 750592K, used 750343K [0x0000000080000000, 0x00000000add00000, 0x00000000d5580000)
  object space 750592K, 99% used [0x0000000080000000,0x00000000adcc1d98,0x00000000add00000)
 Metaspace       used 79029K, committed 80704K, reserved 1179648K
  class space    used 8112K, committed 8896K, reserved 1048576K
}
Event: 14716.449 GC heap after
{Heap after GC invocations=992 (full 4):
 PSYoungGen      total 5632K, used 1976K [0x00000000d5580000, 0x00000000d5e80000, 0x0000000100000000)
  eden space 3072K, 0% used [0x00000000d5580000,0x00000000d5580000,0x00000000d5880000)
  from space 2560K, 77% used [0x00000000d5880000,0x00000000d5a6e000,0x00000000d5b00000)
  to   space 2560K, 0% used [0x00000000d5c00000,0x00000000d5c00000,0x00000000d5e80000)
 ParOldGen       total 752640K, used 752551K [0x0000000080000000, 0x00000000adf00000, 0x00000000d5580000)
  object space 752640K, 99% used [0x0000000080000000,0x00000000adee9da8,0x00000000adf00000)
 Metaspace       used 79029K, committed 80704K, reserved 1179648K
  class space    used 8112K, committed 8896K, reserved 1048576K
}
Event: 14719.208 GC heap before
{Heap before GC invocations=993 (full 4):
 PSYoungGen      total 5632K, used 5048K [0x00000000d5580000, 0x00000000d5e80000, 0x0000000100000000)
  eden space 3072K, 100% used [0x00000000d5580000,0x00000000d5880000,0x00000000d5880000)
  from space 2560K, 77% used [0x00000000d5880000,0x00000000d5a6e000,0x00000000d5b00000)
  to   space 2560K, 0% used [0x00000000d5c00000,0x00000000d5c00000,0x00000000d5e80000)
 ParOldGen       total 752640K, used 752551K [0x0000000080000000, 0x00000000adf00000, 0x00000000d5580000)
  object space 752640K, 99% used [0x0000000080000000,0x00000000adee9da8,0x00000000adf00000)
 Metaspace       used 79050K, committed 80704K, reserved 1179648K
  class space    used 8113K, committed 8896K, reserved 1048576K
}
Event: 14719.788 GC heap after
{Heap after GC invocations=993 (full 4):
 PSYoungGen      total 6656K, used 2040K [0x00000000d5580000, 0x00000000d5e80000, 0x0000000100000000)
  eden space 4096K, 0% used [0x00000000d5580000,0x00000000d5580000,0x00000000d5980000)
  from space 2560K, 79% used [0x00000000d5c00000,0x00000000d5dfe000,0x00000000d5e80000)
  to   space 2560K, 0% used [0x00000000d5980000,0x00000000d5980000,0x00000000d5c00000)
 ParOldGen       total 756736K, used 755551K [0x0000000080000000, 0x00000000ae300000, 0x00000000d5580000)
  object space 756736K, 99% used [0x0000000080000000,0x00000000ae1d7da8,0x00000000ae300000)
 Metaspace       used 79050K, committed 80704K, reserved 1179648K
  class space    used 8113K, committed 8896K, reserved 1048576K
}
Event: 14721.260 GC heap before
{Heap before GC invocations=994 (full 4):
 PSYoungGen      total 6656K, used 6136K [0x00000000d5580000, 0x00000000d5e80000, 0x0000000100000000)
  eden space 4096K, 100% used [0x00000000d5580000,0x00000000d5980000,0x00000000d5980000)
  from space 2560K, 79% used [0x00000000d5c00000,0x00000000d5dfe000,0x00000000d5e80000)
  to   space 2560K, 0% used [0x00000000d5980000,0x00000000d5980000,0x00000000d5c00000)
 ParOldGen       total 756736K, used 755551K [0x0000000080000000, 0x00000000ae300000, 0x00000000d5580000)
  object space 756736K, 99% used [0x0000000080000000,0x00000000ae1d7da8,0x00000000ae300000)
 Metaspace       used 79062K, committed 80704K, reserved 1179648K
  class space    used 8113K, committed 8896K, reserved 1048576K
}
Event: 14722.274 GC heap after
{Heap after GC invocations=994 (full 4):
 PSYoungGen      total 6656K, used 2556K [0x00000000d5580000, 0x00000000d6680000, 0x0000000100000000)
  eden space 4096K, 0% used [0x00000000d5580000,0x00000000d5580000,0x00000000d5980000)
  from space 2560K, 99% used [0x00000000d5980000,0x00000000d5bff0c0,0x00000000d5c00000)
  to   space 6656K, 0% used [0x00000000d6000000,0x00000000d6000000,0x00000000d6680000)
 ParOldGen       total 758784K, used 758543K [0x0000000080000000, 0x00000000ae500000, 0x00000000d5580000)
  object space 758784K, 99% used [0x0000000080000000,0x00000000ae4c3da8,0x00000000ae500000)
 Metaspace       used 79062K, committed 80704K, reserved 1179648K
  class space    used 8113K, committed 8896K, reserved 1048576K
}
Event: 14722.291 GC heap before
{Heap before GC invocations=995 (full 4):
 PSYoungGen      total 6656K, used 6652K [0x00000000d5580000, 0x00000000d6680000, 0x0000000100000000)
  eden space 4096K, 100% used [0x00000000d5580000,0x00000000d5980000,0x00000000d5980000)
  from space 2560K, 99% used [0x00000000d5980000,0x00000000d5bff0c0,0x00000000d5c00000)
  to   space 6656K, 0% used [0x00000000d6000000,0x00000000d6000000,0x00000000d6680000)
 ParOldGen       total 758784K, used 758543K [0x0000000080000000, 0x00000000ae500000, 0x00000000d5580000)
  object space 758784K, 99% used [0x0000000080000000,0x00000000ae4c3da8,0x00000000ae500000)
 Metaspace       used 79062K, committed 80704K, reserved 1179648K
  class space    used 8113K, committed 8896K, reserved 1048576K
}
Event: 14722.301 GC heap after
{Heap after GC invocations=995 (full 4):
 PSYoungGen      total 8704K, used 4160K [0x00000000d5580000, 0x00000000d6480000, 0x0000000100000000)
  eden space 4096K, 0% used [0x00000000d5580000,0x00000000d5580000,0x00000000d5980000)
  from space 4608K, 90% used [0x00000000d6000000,0x00000000d6410000,0x00000000d6480000)
  to   space 5120K, 0% used [0x00000000d5a80000,0x00000000d5a80000,0x00000000d5f80000)
 ParOldGen       total 761344K, used 761123K [0x0000000080000000, 0x00000000ae780000, 0x00000000d5580000)
  object space 761344K, 99% used [0x0000000080000000,0x00000000ae748e78,0x00000000ae780000)
 Metaspace       used 79062K, committed 80704K, reserved 1179648K
  class space    used 8113K, committed 8896K, reserved 1048576K
}
Event: 14722.341 GC heap before
{Heap before GC invocations=996 (full 4):
 PSYoungGen      total 8704K, used 8256K [0x00000000d5580000, 0x00000000d6480000, 0x0000000100000000)
  eden space 4096K, 100% used [0x00000000d5580000,0x00000000d5980000,0x00000000d5980000)
  from space 4608K, 90% used [0x00000000d6000000,0x00000000d6410000,0x00000000d6480000)
  to   space 5120K, 0% used [0x00000000d5a80000,0x00000000d5a80000,0x00000000d5f80000)
 ParOldGen       total 761344K, used 761123K [0x0000000080000000, 0x00000000ae780000, 0x00000000d5580000)
  object space 761344K, 99% used [0x0000000080000000,0x00000000ae748e78,0x00000000ae780000)
 Metaspace       used 79062K, committed 80704K, reserved 1179648K
  class space    used 8113K, committed 8896K, reserved 1048576K
}
Event: 14722.353 GC heap after
{Heap after GC invocations=996 (full 4):
 PSYoungGen      total 8192K, used 3680K [0x00000000d5580000, 0x00000000d6180000, 0x0000000100000000)
  eden space 4096K, 0% used [0x00000000d5580000,0x00000000d5580000,0x00000000d5980000)
  from space 4096K, 89% used [0x00000000d5a80000,0x00000000d5e18020,0x00000000d5e80000)
  to   space 3072K, 0% used [0x00000000d5e80000,0x00000000d5e80000,0x00000000d6180000)
 ParOldGen       total 765440K, used 765227K [0x0000000080000000, 0x00000000aeb80000, 0x00000000d5580000)
  object space 765440K, 99% used [0x0000000080000000,0x00000000aeb4ae78,0x00000000aeb80000)
 Metaspace       used 79062K, committed 80704K, reserved 1179648K
  class space    used 8113K, committed 8896K, reserved 1048576K
}

